2024-09-19 16:46:01,973 DEBUG Using proactor: IocpProactor
2024-09-19 16:46:01,977 INFO Output directory ensured: C:\Users\scbry\HAN\HAN H2 LAB IPKW - Projects - project_nr_WebBasedControl\01. Software\energyDataHub\data
2024-09-19 16:46:02,778 INFO Querying Entsoe API for NL from 2024-09-19 14:46:01.985436+00:00 to 2024-09-20 21:59:59.999999+00:00
2024-09-19 16:46:02,787 DEBUG Performing request to https://web-api.tp.entsoe.eu/api with params {'documentType': 'A44', 'in_Domain': '10YNL----------L', 'out_Domain': '10YNL----------L', 'securityToken': 'e764dd40-0108-4de7-81e7-b32f7fa55d69', 'periodStart': '202409181500', 'periodEnd': '202409212200'}
2024-09-19 16:46:02,789 DEBUG Starting new HTTPS connection (1): web-api.tp.entsoe.eu:443
2024-09-19 16:46:04,500 DEBUG https://web-api.tp.entsoe.eu:443 "GET /api?documentType=A44&in_Domain=10YNL----------L&out_Domain=10YNL----------L&securityToken=e764dd40-0108-4de7-81e7-b32f7fa55d69&periodStart=202409181500&periodEnd=202409212200 HTTP/1.1" 200 None
2024-09-19 16:46:06,297 INFO Entsoe day ahead price from: 2024-09-19 14:46:01.985436+00:00 to 2024-09-20 21:59:59.999999+00:00
Current: 90.83 EUR/MWh @ 2024-09-19T17:00:00+02:00
Next hour: 114.01 EUR/MWh @ 2024-09-19T18:00:00+02:00
2024-09-19 16:46:06,299 INFO Querying EnergyZero API from 2024-09-19 16:46:01.985436+02:00 to 2024-09-20 23:59:59.999999+02:00
2024-09-19 16:46:06,412 INFO EnergyZero electricity price from: 2024-09-19 16:46:01.985436+02:00 to 2024-09-20 23:59:59.999999+02:00
Current: 0.11 EUR/kWh @ 2024-09-19T17:00:00+02:00
Next hour: 0.13 EUR/kWh @ 2024-09-19T18:00:00+02:00
Max: 0.18 EUR/kWh @ 2024-09-20T17:00:00+00:00
Min: 0 EUR/kWh @ 2024-09-19T10:00:00+00:00
Average: 0.09 EUR/kWh
2024-09-19 16:46:06,415 INFO Querying Epex API from 2024-09-19 16:46:01.985436+02:00 to 2024-09-20 23:59:59.999999+02:00
2024-09-19 16:46:06,489 INFO Querying Nordpool API for NL from 2024-09-19 16:46:01.985436+02:00 to 2024-09-20 23:59:59.999999+02:00
2024-09-19 16:46:06,490 DEBUG Starting new HTTPS connection (1): www.nordpoolgroup.com:443
2024-09-19 16:46:07,074 DEBUG https://www.nordpoolgroup.com:443 "GET /api/marketdata/page/10?currency=EUR&endDate=20-09-2024 HTTP/1.1" 200 36608
2024-09-19 16:46:07,096 INFO Nordpool Elspot price for NL from: 2024-09-19 16:46:01.985436+02:00 to 2024-09-20 23:59:59.999999+02:00
Current: 72.38 EUR/MWh @ 2024-09-19T22:00:00+00:18
Next hour: 74.04 EUR/MWh @ 2024-09-19T23:00:00+00:18
2024-09-19 16:46:07,158 INFO Querying Meteo server from 2024-09-19 16:46:01.985436+02:00 to 2024-09-20 23:59:59.999999+02:00
2024-09-19 16:46:07,712 INFO Querying Meteo server from 2024-09-19 16:46:01.985436+02:00 to 2024-09-20 23:59:59.999999+02:00
2024-09-19 16:46:08,705 INFO Querying Luchtmeetnet server from 2024-09-18 16:46:01.985436+02:00 to 2024-09-19 16:46:01.985436+02:00
2024-09-19 16:46:08,706 INFO Fetching Luchtmeetnet station list
2024-09-19 16:46:09,673 INFO Fetching Luchtmeetnet station data, pls have patience
2024-09-19 16:46:24,811 INFO Finding station closest to 51.966472, 5.94009
2024-09-19 16:46:24,812 INFO Fetching air quality indicator for station NL54004, Arnhem Velperbroek
2024-09-19 16:46:24,967 INFO Fetching measurements for station NL54004, Arnhem Velperbroek
2024-09-19 16:46:26,060 INFO Data written to C:\Users\scbry\HAN\HAN H2 LAB IPKW - Projects - project_nr_WebBasedControl\01. Software\energyDataHub\data\240919_164626_energy_price_forecast.json
2024-09-19 16:46:26,088 INFO Data written to C:\Users\scbry\HAN\HAN H2 LAB IPKW - Projects - project_nr_WebBasedControl\01. Software\energyDataHub\data\240919_164626_weather_forecast.json
2024-09-19 16:46:26,100 INFO Data written to C:\Users\scbry\HAN\HAN H2 LAB IPKW - Projects - project_nr_WebBasedControl\01. Software\energyDataHub\data\240919_164626_sun_forecast.json
2024-09-19 16:46:26,111 INFO Data written to C:\Users\scbry\HAN\HAN H2 LAB IPKW - Projects - project_nr_WebBasedControl\01. Software\energyDataHub\data\240919_164626_air_quality.json
2025-04-28 16:16:32,109 DEBUG Using selector: EpollSelector
2025-04-28 16:16:32,110 INFO Output directory ensured: /home/runner/work/energydatahub/energydatahub/data
2025-04-28 16:16:33,021 INFO Using configuration from environment variables
2025-04-28 16:16:33,022 INFO Querying Entsoe API for NL from 2025-04-28 16:16:33.022071+00:00 to 2025-04-29 16:16:33.022071+00:00
2025-04-28 16:16:33,026 DEBUG Performing request to https://web-api.tp.entsoe.eu/api with params {'documentType': 'A44', 'in_Domain': '10YNL----------L', 'out_Domain': '10YNL----------L', 'offset': 0, 'securityToken': 'e764dd40-0108-4de7-81e7-b32f7fa55d69', 'periodStart': '202504271600', 'periodEnd': '202504301600'}
2025-04-28 16:16:33,028 DEBUG Starting new HTTPS connection (1): web-api.tp.entsoe.eu:443
2025-04-28 16:16:33,040 INFO Querying EnergyZero API from 2025-04-28 18:16:33.022071+02:00 to 2025-04-29 18:16:33.022071+02:00
2025-04-28 16:16:33,041 INFO Querying Epex API from 2025-04-28 18:16:33.022071+02:00 to 2025-04-29 18:16:33.022071+02:00
2025-04-28 16:16:33,041 INFO Querying OpenWeather from 2025-04-28 18:16:33.022071+02:00 to 2025-04-29 18:16:33.022071+02:00
2025-04-28 16:16:33,451 INFO Querying MeteoServer from 2025-04-28 18:16:33.022071+02:00 to 2025-04-29 18:16:33.022071+02:00
2025-04-28 16:16:33,856 INFO Fetching weather forecast data from https://data.meteoserver.nl/api/uurverwachting.php?lat=51.966472&long=5.94009&key=7daf22bed0
2025-04-28 16:16:33,856 INFO Attempt nr 1 to fetch weather forecast data
2025-04-28 16:16:33,868 DEBUG https://web-api.tp.entsoe.eu:443 "GET /api?documentType=A44&in_Domain=10YNL----------L&out_Domain=10YNL----------L&offset=0&securityToken=e764dd40-0108-4de7-81e7-b32f7fa55d69&periodStart=202504271600&periodEnd=202504301600 HTTP/1.1" 200 12585
2025-04-28 16:16:33,886 DEBUG Performing request to https://web-api.tp.entsoe.eu/api with params {'documentType': 'A44', 'in_Domain': '10YNL----------L', 'out_Domain': '10YNL----------L', 'offset': 100, 'securityToken': 'e764dd40-0108-4de7-81e7-b32f7fa55d69', 'periodStart': '202504271600', 'periodEnd': '202504301600'}
2025-04-28 16:16:34,318 INFO Querying Meteo server from 2025-04-28 18:16:33.022071+02:00 to 2025-04-29 18:16:33.022071+02:00
2025-04-28 16:16:34,318 INFO Fetching sun forecast data from https://data.meteoserver.nl/api/solar.php?lat=51.966472&long=5.94009&key=7daf22bed0
2025-04-28 16:16:34,318 INFO Attempt nr 1 to fetch sun forecast data
2025-04-28 16:16:34,319 INFO Querying Nordpool API for NL from 2025-04-28 18:16:33.022071+02:00 to 2025-04-29 18:16:33.022071+02:00
2025-04-28 16:16:34,321 DEBUG Starting new HTTPS connection (1): dataportal-api.nordpoolgroup.com:443
2025-04-28 16:16:34,425 DEBUG https://web-api.tp.entsoe.eu:443 "GET /api?documentType=A44&in_Domain=10YNL----------L&out_Domain=10YNL----------L&offset=100&securityToken=e764dd40-0108-4de7-81e7-b32f7fa55d69&periodStart=202504271600&periodEnd=202504301600 HTTP/1.1" 200 933
2025-04-28 16:16:34,430 DEBUG Encoding detection: utf_8 is most likely the one.
2025-04-28 16:16:34,431 DEBUG NoMatchingDataError: for offset 100
2025-04-28 16:16:34,752 DEBUG https://dataportal-api.nordpoolgroup.com:443 "GET /api/DayAheadPrices?currency=EUR&market=DayAhead&deliveryArea=NL&date=2025-04-29 HTTP/1.1" 200 None
2025-04-28 16:16:34,771 INFO Querying Luchtmeetnet server from 2025-04-27 18:16:33.022071+02:00 to 2025-04-28 18:16:33.022071+02:00
2025-04-28 16:16:34,772 INFO Fetching Luchtmeetnet station list
2025-04-28 16:16:34,775 INFO Entsoe day ahead price from: 2025-04-28 16:16:33.022071+00:00 to 2025-04-29 16:16:33.022071+00:00
Current: 139.75 EUR/MWh @ now_hour
Next hour: 192.44 EUR/MWh @ next_hour
2025-04-28 16:16:34,775 INFO EnergyZero day ahead price from: 2025-04-28 18:16:33.022071+02:00 to 2025-04-29 18:16:33.022071+02:00
Current: 89.47 EUR/MWh @ now_hour
Next hour: 85.08 EUR/MWh @ next_hour
2025-04-28 16:16:34,922 INFO EnergyZero day ahead price from: 2025-04-28 18:16:33.022071+02:00 to 2025-04-29 18:16:33.022071+02:00
Current: 149.9 EUR/MWh @ now_hour
Next hour: 187.08 EUR/MWh @ next_hour
2025-04-28 16:16:34,954 INFO Fetching OpenWeather forecast data from https://api.openweathermap.org/data/2.5/forecast?lat=51.966472&lon=5.94009&units=metric&appid=4852b00585c8d9000573557d530ac9e7
2025-04-28 16:16:34,956 INFO OpenWeather forecast from 2025-04-28 18:16:33.022071+02:00 to 2025-04-29 18:16:33.022071+02:00
Current: {'main_temp': 20.06, 'main_feels_like': 19.4, 'main_temp_min': 18.77, 'main_temp_max': 20.06, 'main_pressure': 1026, 'main_sea_level': 1026, 'main_grnd_level': 1023, 'main_humidity': 49, 'main_temp_kf': 1.29, 'weather_id': 803, 'weather_main': 'Clouds', 'weather_description': 'broken clouds', 'weather_icon': '04d', 'clouds_all': 83, 'wind_speed': 2.83, 'wind_deg': 22, 'wind_gust': 5.24, 'visibility': 10000}
Next hour: {'main_temp': 15.24, 'main_feels_like': 14.49, 'main_temp_min': 12.51, 'main_temp_max': 15.24, 'main_pressure': 1027, 'main_sea_level': 1027, 'main_grnd_level': 1024, 'main_humidity': 64, 'main_temp_kf': 2.73, 'weather_id': 804, 'weather_main': 'Clouds', 'weather_description': 'overcast clouds', 'weather_icon': '04n', 'clouds_all': 93, 'wind_speed': 2.88, 'wind_deg': 22, 'wind_gust': 5.25, 'visibility': 10000}
2025-04-28 16:16:35,151 INFO EnergyZero day ahead price from: 2025-04-28 18:16:33.022071+02:00 to 2025-04-29 18:16:33.022071+02:00
Current: 0.17 EUR/MWh @ now_hour
Next hour: 0.23 EUR/MWh @ next_hour
2025-04-28 16:16:35,308 INFO MeteoServer forecast from 2025-04-28 18:16:33.022071+02:00 to 2025-04-29 18:16:33.022071+02:00
Current: {'temp': 19, 'winds': 3, 'windb': 2, 'windknp': 6, 'windkmh': 10.8, 'windr': 40, 'windrltr': 'NO', 'vis': 29411, 'neersl': 0, 'luchtd': 1026.6, 'luchtdmmhg': 770, 'luchtdinhg': 30.32, 'hw': 99, 'mw': 0, 'lw': 0, 'tw': 99, 'rv': 46, 'gr': 43, 'gr_w': 119, 'cape': None, 'snd': 0, 'snv': 0, 'cond': 3, 'ico': 3, 'icoon': 'halfbewolkt'}
Next hour: {'temp': 18, 'winds': 2, 'windb': 2, 'windknp': 4, 'windkmh': 7.2, 'windr': 24, 'windrltr': 'NO', 'vis': 28018, 'neersl': 0, 'luchtd': 1026.8, 'luchtdmmhg': 770.2, 'luchtdinhg': 30.32, 'hw': 100, 'mw': 0, 'lw': 0, 'tw': 100, 'rv': 49, 'gr': 10, 'gr_w': 28, 'cape': None, 'snd': 0, 'snv': 0, 'cond': 3, 'ico': 3, 'icoon': 'halfbewolkt'}
2025-04-28 16:16:35,570 INFO OpenWeather forecast from 2025-04-28 18:16:33.022071+02:00 to 2025-04-29 18:16:33.022071+02:00
Current: {'elev': -1.34, 'az': 295.73, 'temp': 16, 'gr_w': 22, 'gr': 8, 'sd': 0, 'tc': 100, 'lc': 0, 'mc': 0, 'hc': 100, 'vis': 25000, 'prec': 0}
Next hour: {'elev': -9.17, 'az': 308.03, 'temp': 14, 'gr_w': 11, 'gr': 4, 'sd': 0, 'tc': 32, 'lc': 0, 'mc': 0, 'hc': 32, 'vis': 25000, 'prec': 0}
2025-04-28 16:16:37,224 INFO Fetching Luchtmeetnet station data, pls have patience
2025-04-28 16:17:12,692 INFO Finding station closest to 51.966472, 5.94009
2025-04-28 16:17:12,693 INFO Fetching air quality indicator for station NL54004, Arnhem Velperbroek
2025-04-28 16:17:13,725 INFO Fetching measurements for station NL54004, Arnhem Velperbroek
2025-04-28 16:17:14,137 INFO Luchtmeetnet data from 2025-04-27 18:16:33.022071+02:00 to 2025-04-28 18:16:33.022071+02:00
Current: {'AQI': 7, 'BCWB': 0.06, 'FN': 0.47, 'PM25': 4.83, 'PM10': 9.97}

